<?xml version="1.0" encoding="UTF-8"?>
<testng-results skipped="0" failed="0" ignored="0" total="1" passed="1">
  <reporter-output>
  </reporter-output>
  <suite name="Default suite" duration-ms="37022" started-at="2017-11-15T18:15:43Z" finished-at="2017-11-15T18:16:20Z">
    <groups>
    </groups>
    <test name="Default test" duration-ms="37022" started-at="2017-11-15T18:15:43Z" finished-at="2017-11-15T18:16:20Z">
      <class name="testCases.LoginApp">
        <test-method status="PASS" signature="Login()[pri:0, instance:testCases.LoginApp@6a024a67]" name="Login" duration-ms="36961" started-at="2017-11-15T23:45:43Z" finished-at="2017-11-15T23:46:20Z">
          <reporter-output>
          </reporter-output>
        </test-method> <!-- Login -->
      </class> <!-- testCases.LoginApp -->
    </test> <!-- Default test -->
  </suite> <!-- Default suite -->
</testng-results>
